2024-09-25 00:39:18:3918 [31merror[39m: [31mThis is an error log[39m
2024-09-25 00:39:18:3918 [33mwarn[39m: [33mThis is a warn log[39m
2024-09-25 00:39:18:3918 [32minfo[39m: [32mThis is a info log[39m
2024-09-25 00:39:18:3918 [35mhttp[39m: [35mThis is a http log[39m
2024-09-25 00:39:18:3918 [37mdebug[39m: [37mThis is a debug log[39m
2024-09-25 00:39:18:3918 [35mhttp[39m: [35mGET /logger 200 16 - 8.501 ms[39m
[35m[39m
2024-09-25 12:42:20:4220 [35mhttp[39m: [35mGET /api-docs 404 147 - 3.816 ms[39m
[35m[39m
2024-09-25 12:42:57:4257 [35mhttp[39m: [35mGET /api-docs 404 147 - 2.587 ms[39m
[35m[39m
2024-09-25 12:43:14:4314 [35mhttp[39m: [35mGET /api-docs 301 158 - 3.512 ms[39m
[35m[39m
2024-09-25 12:43:14:4314 [35mhttp[39m: [35mGET /api-docs/ 200 3106 - 2.573 ms[39m
[35m[39m
2024-09-25 12:43:14:4314 [35mhttp[39m: [35mGET /api-docs/swagger-ui-init.js 200 1747 - 0.219 ms[39m
[35m[39m
2024-09-25 12:43:14:4314 [35mhttp[39m: [35mGET /api-docs/swagger-ui.css 200 152071 - 5.342 ms[39m
[35m[39m
2024-09-25 12:43:14:4314 [35mhttp[39m: [35mGET /api-docs/swagger-ui-standalone-preset.js 200 230293 - 4.717 ms[39m
[35m[39m
2024-09-25 12:43:14:4314 [35mhttp[39m: [35mGET /api-docs/swagger-ui-bundle.js 200 1452753 - 4.620 ms[39m
[35m[39m
2024-09-25 12:43:15:4315 [35mhttp[39m: [35mGET /api-docs/favicon-32x32.png 200 628 - 1.254 ms[39m
[35m[39m
2024-09-25 12:44:07:447 [35mhttp[39m: [35mGET /api-docs/ 304 - - 4.787 ms[39m
[35m[39m
2024-09-25 12:44:07:447 [35mhttp[39m: [35mGET /api-docs/swagger-ui.css 304 - - 2.041 ms[39m
[35m[39m
2024-09-25 12:44:07:447 [35mhttp[39m: [35mGET /api-docs/swagger-ui-init.js 304 - - 0.246 ms[39m
[35m[39m
2024-09-25 12:44:07:447 [35mhttp[39m: [35mGET /api-docs/swagger-ui-standalone-preset.js 304 - - 0.457 ms[39m
[35m[39m
2024-09-25 12:44:07:447 [35mhttp[39m: [35mGET /api-docs/swagger-ui-bundle.js 304 - - 0.463 ms[39m
[35m[39m
2024-09-25 12:44:07:447 [35mhttp[39m: [35mGET /api-docs/favicon-32x32.png 304 - - 0.428 ms[39m
[35m[39m
2024-09-25 12:44:30:4430 [35mhttp[39m: [35mGET /api-docs/ 200 3106 - 4.629 ms[39m
[35m[39m
2024-09-25 12:44:30:4430 [35mhttp[39m: [35mGET /api-docs/swagger-ui.css 200 152071 - 3.304 ms[39m
[35m[39m
2024-09-25 12:44:30:4430 [35mhttp[39m: [35mGET /api-docs/swagger-ui-init.js 200 1747 - 0.215 ms[39m
[35m[39m
2024-09-25 12:44:30:4430 [35mhttp[39m: [35mGET /api-docs/swagger-ui-standalone-preset.js 200 230293 - 2.617 ms[39m
[35m[39m
2024-09-25 12:44:30:4430 [35mhttp[39m: [35mGET /api-docs/swagger-ui-bundle.js 200 1452753 - 3.298 ms[39m
[35m[39m
2024-09-25 12:44:30:4430 [35mhttp[39m: [35mGET /api-docs/favicon-32x32.png 200 628 - 0.579 ms[39m
[35m[39m
2024-09-25 12:44:41:4441 [35mhttp[39m: [35mGET /api-docs/ 304 - - 4.366 ms[39m
[35m[39m
2024-09-25 12:44:41:4441 [35mhttp[39m: [35mGET /api-docs/swagger-ui.css 304 - - 1.683 ms[39m
[35m[39m
2024-09-25 12:44:41:4441 [35mhttp[39m: [35mGET /api-docs/swagger-ui-bundle.js 304 - - 0.648 ms[39m
[35m[39m
2024-09-25 12:44:41:4441 [35mhttp[39m: [35mGET /api-docs/swagger-ui-standalone-preset.js 304 - - 0.978 ms[39m
[35m[39m
2024-09-25 12:44:41:4441 [35mhttp[39m: [35mGET /api-docs/swagger-ui-init.js 304 - - 0.442 ms[39m
[35m[39m
2024-09-25 12:44:41:4441 [35mhttp[39m: [35mGET /api-docs/favicon-32x32.png 304 - - 0.445 ms[39m
[35m[39m
2024-09-25 12:45:03:453 [35mhttp[39m: [35mGET /api-docs/ 304 - - 4.868 ms[39m
[35m[39m
2024-09-25 12:45:03:453 [35mhttp[39m: [35mGET /api-docs/swagger-ui.css 304 - - 1.407 ms[39m
[35m[39m
2024-09-25 12:45:03:453 [35mhttp[39m: [35mGET /api-docs/swagger-ui-bundle.js 304 - - 1.231 ms[39m
[35m[39m
2024-09-25 12:45:03:453 [35mhttp[39m: [35mGET /api-docs/swagger-ui-standalone-preset.js 304 - - 1.599 ms[39m
[35m[39m
2024-09-25 12:45:03:453 [35mhttp[39m: [35mGET /api-docs/swagger-ui-init.js 304 - - 0.364 ms[39m
[35m[39m
2024-09-25 12:45:04:454 [35mhttp[39m: [35mGET /api-docs/favicon-32x32.png 304 - - 0.669 ms[39m
[35m[39m
2024-09-25 12:45:04:454 [35mhttp[39m: [35mGET /api-docs/ 304 - - 0.800 ms[39m
[35m[39m
2024-09-25 12:45:04:454 [35mhttp[39m: [35mGET /api-docs/swagger-ui.css 304 - - 0.481 ms[39m
[35m[39m
2024-09-25 12:45:04:454 [35mhttp[39m: [35mGET /api-docs/swagger-ui-init.js 304 - - 0.204 ms[39m
[35m[39m
2024-09-25 12:45:04:454 [35mhttp[39m: [35mGET /api-docs/swagger-ui-bundle.js 304 - - 2.210 ms[39m
[35m[39m
2024-09-25 12:45:04:454 [35mhttp[39m: [35mGET /api-docs/swagger-ui-standalone-preset.js 304 - - 2.674 ms[39m
[35m[39m
2024-09-25 12:45:04:454 [35mhttp[39m: [35mGET /api-docs/favicon-32x32.png 304 - - 0.395 ms[39m
[35m[39m
2024-09-25 12:46:13:4613 [35mhttp[39m: [35mGET /api-docs/ 304 - - 5.349 ms[39m
[35m[39m
2024-09-25 12:46:13:4613 [35mhttp[39m: [35mGET /api-docs/swagger-ui.css 304 - - 1.707 ms[39m
[35m[39m
2024-09-25 12:46:13:4613 [35mhttp[39m: [35mGET /api-docs/swagger-ui-bundle.js 304 - - 1.448 ms[39m
[35m[39m
2024-09-25 12:46:13:4613 [35mhttp[39m: [35mGET /api-docs/swagger-ui-standalone-preset.js 304 - - 1.952 ms[39m
[35m[39m
2024-09-25 12:46:13:4613 [35mhttp[39m: [35mGET /api-docs/swagger-ui-init.js 304 - - 0.363 ms[39m
[35m[39m
2024-09-25 12:46:13:4613 [35mhttp[39m: [35mGET /api-docs/favicon-32x32.png 304 - - 0.534 ms[39m
[35m[39m
2024-09-25 12:47:40:4740 [35mhttp[39m: [35mGET /api-docs/ 304 - - 5.143 ms[39m
[35m[39m
2024-09-25 12:47:40:4740 [35mhttp[39m: [35mGET /api-docs/swagger-ui.css 304 - - 2.094 ms[39m
[35m[39m
2024-09-25 12:47:40:4740 [35mhttp[39m: [35mGET /api-docs/swagger-ui-bundle.js 304 - - 1.802 ms[39m
[35m[39m
2024-09-25 12:47:40:4740 [35mhttp[39m: [35mGET /api-docs/swagger-ui-standalone-preset.js 304 - - 2.403 ms[39m
[35m[39m
2024-09-25 12:47:40:4740 [35mhttp[39m: [35mGET /api-docs/swagger-ui-init.js 304 - - 0.657 ms[39m
[35m[39m
2024-09-25 12:47:40:4740 [35mhttp[39m: [35mGET /api-docs/favicon-32x32.png 304 - - 0.421 ms[39m
[35m[39m
2024-09-25 12:50:27:5027 [35mhttp[39m: [35mGET /api-docs/ 304 - - 4.649 ms[39m
[35m[39m
2024-09-25 12:50:27:5027 [35mhttp[39m: [35mGET /api-docs/swagger-ui.css 304 - - 1.849 ms[39m
[35m[39m
2024-09-25 12:50:27:5027 [35mhttp[39m: [35mGET /api-docs/swagger-ui-bundle.js 304 - - 1.231 ms[39m
[35m[39m
2024-09-25 12:50:27:5027 [35mhttp[39m: [35mGET /api-docs/swagger-ui-standalone-preset.js 304 - - 1.573 ms[39m
[35m[39m
2024-09-25 12:50:27:5027 [35mhttp[39m: [35mGET /api-docs/swagger-ui-init.js 200 2276 - 0.519 ms[39m
[35m[39m
2024-09-25 12:50:27:5027 [35mhttp[39m: [35mGET /api-docs/favicon-32x32.png 304 - - 0.320 ms[39m
[35m[39m
2024-09-25 12:50:38:5038 [35mhttp[39m: [35mGET /api-docs/ 304 - - 4.980 ms[39m
[35m[39m
2024-09-25 12:50:38:5038 [35mhttp[39m: [35mGET /api-docs/swagger-ui.css 304 - - 1.384 ms[39m
[35m[39m
2024-09-25 12:50:38:5038 [35mhttp[39m: [35mGET /api-docs/swagger-ui-bundle.js 304 - - 1.449 ms[39m
[35m[39m
2024-09-25 12:50:38:5038 [35mhttp[39m: [35mGET /api-docs/swagger-ui-standalone-preset.js 304 - - 1.660 ms[39m
[35m[39m
2024-09-25 12:50:38:5038 [35mhttp[39m: [35mGET /api-docs/swagger-ui-init.js 200 2277 - 0.516 ms[39m
[35m[39m
2024-09-25 12:50:38:5038 [35mhttp[39m: [35mGET /api-docs/favicon-32x32.png 304 - - 0.439 ms[39m
[35m[39m
2024-09-25 12:50:46:5046 [35mhttp[39m: [35mGET /api-docs/ 304 - - 4.416 ms[39m
[35m[39m
2024-09-25 12:50:46:5046 [35mhttp[39m: [35mGET /api-docs/swagger-ui.css 304 - - 2.430 ms[39m
[35m[39m
2024-09-25 12:50:46:5046 [35mhttp[39m: [35mGET /api-docs/swagger-ui-bundle.js 304 - - 2.293 ms[39m
[35m[39m
2024-09-25 12:50:46:5046 [35mhttp[39m: [35mGET /api-docs/swagger-ui-standalone-preset.js 304 - - 0.466 ms[39m
[35m[39m
2024-09-25 12:50:46:5046 [35mhttp[39m: [35mGET /api-docs/swagger-ui-init.js 200 2278 - 0.507 ms[39m
[35m[39m
2024-09-25 12:50:46:5046 [35mhttp[39m: [35mGET /api-docs/favicon-32x32.png 304 - - 0.432 ms[39m
[35m[39m
2024-09-25 12:50:59:5059 [31merror[39m: [31mThis is an error log[39m
2024-09-25 12:50:59:5059 [33mwarn[39m: [33mThis is a warn log[39m
2024-09-25 12:50:59:5059 [32minfo[39m: [32mThis is a info log[39m
2024-09-25 12:50:59:5059 [35mhttp[39m: [35mThis is a http log[39m
2024-09-25 12:50:59:5059 [37mdebug[39m: [37mThis is a debug log[39m
2024-09-25 12:50:59:5059 [35mhttp[39m: [35mPOST /logger 200 16 - 2.109 ms[39m
[35m[39m
2024-09-25 12:51:04:514 [35mhttp[39m: [35mPOST / 200 17 - 0.363 ms[39m
[35m[39m
